<?xml version="1.0" encoding="UTF-8"?>
<!-- Generated by org.testng.reporters.JUnitReportReporter -->
<testsuite skipped="0" hostname="HP-PC" name="com.inetbanking.testCases.TC_LoginTest_001" tests="3" failures="0" timestamp="01 Jul 2020 19:07:42 GMT" time="47.736" errors="0">
  <testcase name="loginTest" time="12.983" classname="com.inetbanking.testCases.TC_LoginTest_001"/>
  <testcase name="loginTest" time="16.572" classname="com.inetbanking.testCases.TC_LoginTest_001"/>
  <testcase name="loginTest" time="18.181" classname="com.inetbanking.testCases.TC_LoginTest_001"/>
</testsuite> <!-- com.inetbanking.testCases.TC_LoginTest_001 -->
