<?xml version="1.0" encoding="UTF-8"?>
<!-- Generated by org.testng.reporters.JUnitReportReporter -->
<testsuite skipped="0" hostname="HP-PC" name="com.inetbanking.testCases.TC_LoginTest_001" tests="1" failures="0" timestamp="01 Jul 2020 17:14:48 GMT" time="15.056" errors="0">
  <testcase name="loginTest" time="15.056" classname="com.inetbanking.testCases.TC_LoginTest_001"/>
</testsuite> <!-- com.inetbanking.testCases.TC_LoginTest_001 -->
