<?xml version="1.0" encoding="UTF-8"?>
<!-- Generated by org.testng.reporters.JUnitReportReporter -->
<testsuite skipped="0" hostname="HP-PC" name="com.inetbanking.testCases.TC_LoginTest_001" tests="2" failures="0" timestamp="01 Jul 2020 08:07:57 GMT" time="33.106" errors="0">
  <testcase name="loginTest" time="16.902" classname="com.inetbanking.testCases.TC_LoginTest_001"/>
  <testcase name="loginTest" time="16.204" classname="com.inetbanking.testCases.TC_LoginTest_001"/>
</testsuite> <!-- com.inetbanking.testCases.TC_LoginTest_001 -->
