<?xml version="1.0" encoding="UTF-8"?>
<!-- Generated by org.testng.reporters.JUnitReportReporter -->
<testsuite skipped="0" hostname="HP-PC" name="com.inetbanking.testCases.TC_LoginTest_001" tests="3" failures="0" timestamp="01 Jul 2020 18:49:37 GMT" time="50.944" errors="0">
  <testcase name="loginTest" time="16.997" classname="com.inetbanking.testCases.TC_LoginTest_001"/>
  <testcase name="loginTest" time="19.802" classname="com.inetbanking.testCases.TC_LoginTest_001"/>
  <testcase name="loginTest" time="14.145" classname="com.inetbanking.testCases.TC_LoginTest_001"/>
</testsuite> <!-- com.inetbanking.testCases.TC_LoginTest_001 -->
