<?xml version="1.0" encoding="UTF-8"?>
<!-- Generated by org.testng.reporters.JUnitReportReporter -->
<testsuite skipped="0" hostname="HP-PC" name="com.inetbanking.testCases.TC_LoginTest_001" tests="3" failures="0" timestamp="01 Jul 2020 13:34:53 GMT" time="49.081" errors="0">
  <testcase name="loginTest" time="14.633" classname="com.inetbanking.testCases.TC_LoginTest_001"/>
  <testcase name="loginTest" time="16.899" classname="com.inetbanking.testCases.TC_LoginTest_001"/>
  <testcase name="loginTest" time="17.549" classname="com.inetbanking.testCases.TC_LoginTest_001"/>
</testsuite> <!-- com.inetbanking.testCases.TC_LoginTest_001 -->
